[2014-11-08 18:48:48] START
[2014-11-08 18:48:48] EDIT EduSoft/views/layout.html: 0
[2014-11-08 23:12:42] EDIT EduSoft/controllers/default.py: 3
[2014-11-08 23:17:58] EDIT EduSoft/controllers/default.py: 0
[2014-11-08 23:21:53] EDIT EduSoft/controllers/default.py: 0
[2014-11-09 22:34:01] EDIT EduSoft/views/default/insertProfile.html: 1
[2014-11-09 22:34:20] EDIT EduSoft/views/default/insertProfile.html: 0
[2014-11-09 22:34:23] EDIT EduSoft/views/default/insertProfile.html: 0
[2014-11-09 22:34:39] EDIT EduSoft/views/default/insertProfile.html: 0
[2014-11-09 22:40:37] EDIT EduSoft/views/default/insertProfile.html: 1
[2014-11-09 23:10:10] CREATE default/deleteProfile.html: 0
[2014-11-10 00:57:04] EDIT EduSoft/static/css/1.css: 2
[2014-11-10 00:57:28] EDIT EduSoft/static/css/1.css: 0
[2014-11-10 00:57:41] EDIT EduSoft/static/css/1.css: 0
[2014-11-10 00:57:56] EDIT EduSoft/static/css/1.css: 0
[2014-11-10 00:58:07] EDIT EduSoft/static/css/1.css: 0
[2014-11-10 00:58:19] EDIT EduSoft/static/css/1.css: 0
[2014-11-10 00:58:19] EDIT EduSoft/static/css/1.css: 0
[2014-11-10 00:58:51] EDIT EduSoft/static/css/1.css: 0
[2014-11-10 01:01:06] EDIT EduSoft/static/css/1.css: 1
[2014-11-10 01:01:07] EDIT EduSoft/static/css/1.css: 0
[2014-11-10 01:02:25] EDIT EduSoft/static/css/1.css: 2
[2014-11-10 01:06:19] EDIT EduSoft/static/css/1.css: 0
[2014-11-10 01:08:28] EDIT EduSoft/static/css/1.css: 1
[2014-11-10 01:09:15] EDIT EduSoft/static/css/1.css: 0
[2014-11-10 01:11:16] EDIT EduSoft/views/default/login.html: -2
[2014-11-10 01:11:16] EDIT EduSoft/views/default/login.html: 0
[2014-11-10 01:14:28] EDIT EduSoft/static/css/1.css: 2
[2014-11-10 01:15:48] EDIT EduSoft/static/css/1.css: 0
[2014-11-10 01:15:56] EDIT EduSoft/static/css/1.css: 0
[2014-11-10 01:15:56] EDIT EduSoft/static/css/1.css: 0
[2014-11-10 01:17:51] EDIT EduSoft/views/default/login.html: 0
[2014-11-10 01:18:25] EDIT EduSoft/static/css/1.css: 3
[2014-11-10 01:19:42] EDIT EduSoft/views/default/login.html: 0
[2014-11-10 01:19:54] EDIT EduSoft/static/css/1.css: -1
[2014-11-10 01:19:54] EDIT EduSoft/static/css/1.css: 0
[2014-11-10 01:23:23] EDIT EduSoft/static/css/1.css: 0
[2014-11-10 01:25:15] EDIT EduSoft/static/css/1.css: 0
[2014-11-10 01:25:15] EDIT EduSoft/static/css/1.css: 0
[2014-11-10 01:25:27] EDIT EduSoft/static/css/1.css: 0
[2014-11-10 01:25:27] EDIT EduSoft/static/css/1.css: 0
[2014-11-10 01:26:28] EDIT EduSoft/static/css/1.css: 0
[2014-11-10 01:26:37] EDIT EduSoft/static/css/1.css: 0
[2014-11-10 15:10:14] EDIT EduSoft/views/default/login.html: 0
[2014-11-10 15:10:15] EDIT EduSoft/views/default/login.html: 0
[2014-11-10 15:10:57] EDIT EduSoft/views/default/login.html: 0
[2014-11-10 15:16:24] EDIT EduSoft/views/default/login.html: 0
[2014-11-10 15:16:25] EDIT EduSoft/views/default/login.html: 0
[2014-11-10 15:16:43] EDIT EduSoft/views/default/login.html: 0
[2014-11-10 15:16:44] EDIT EduSoft/views/default/login.html: 0
[2014-11-10 15:22:30] EDIT EduSoft/views/default/login.html: 0
[2014-11-10 15:22:47] EDIT EduSoft/views/default/login.html: 0
[2014-11-10 15:29:17] EDIT EduSoft/views/default/login.html: 0
[2014-11-10 15:43:53] CREATE default/showUserProfile.html: 0
[2014-11-10 21:42:51] EDIT EduSoft/models/db.py: 0
[2014-11-10 23:47:05] CREATE default/insertPic.html: 0
[2014-11-11 16:29:17] EDIT EduSoft/controllers/default.py: 1
[2014-11-11 16:30:26] EDIT EduSoft/controllers/default.py: 1
[2014-11-11 16:31:22] EDIT EduSoft/controllers/default.py: 1
[2014-11-11 16:32:04] EDIT EduSoft/controllers/default.py: 0
[2014-11-11 16:37:40] EDIT EduSoft/controllers/default.py: 0
[2014-11-11 16:39:19] EDIT EduSoft/controllers/default.py: 0
[2014-11-11 16:39:52] EDIT EduSoft/controllers/default.py: 0
[2014-11-11 16:40:04] EDIT EduSoft/controllers/default.py: 0
[2014-11-11 16:40:09] EDIT EduSoft/controllers/default.py: 0
[2014-11-11 16:40:17] EDIT EduSoft/controllers/default.py: 0
[2014-11-11 16:40:21] EDIT EduSoft/controllers/default.py: 0
[2014-11-11 16:40:26] EDIT EduSoft/controllers/default.py: 0
[2014-11-11 16:41:30] EDIT EduSoft/controllers/default.py: 0
[2014-11-11 16:43:15] EDIT EduSoft/controllers/default.py: -2
[2014-11-11 16:43:27] EDIT EduSoft/controllers/default.py: -1
